BUILD: [Thread:SystemTickCount:Type  ] Message
BUILD: [00:0000000000:PROGC ] Build started with parameters: -A
BUILD: [00:0000000000:PROGC ] Build started in directory: C:\WINCE800\3rdParty\AutoLaunch_v320_Compact2013
BUILD: [00:0000000000:PROG  ] Environment: ALLUSERSPROFILE=C:\ProgramData
BUILD: [00:0000000000:PROG  ] Environment: APPDATA=C:\Users\Samuel\AppData\Roaming
BUILD: [00:0000000000:PROG  ] Environment: BSP_ALLOWKITLSHAREDIRQ=1
BUILD: [00:0000000000:PROG  ] Environment: BSP_AUTOLAUNCH_CORECON=1
BUILD: [00:0000000000:PROG  ] Environment: BSP_DISPLAY_FLAT=1
BUILD: [00:0000000000:PROG  ] Environment: BSP_KEYBD_8042=1
BUILD: [00:0000000000:PROG  ] Environment: BSP_NIC_AR6K_NWF=1
BUILD: [00:0000000000:PROG  ] Environment: BSP_NIC_DC21X4=1
BUILD: [00:0000000000:PROG  ] Environment: BSP_NIC_E100BEX=1
BUILD: [00:0000000000:PROG  ] Environment: BSP_NIC_NE2000_PCI=1
BUILD: [00:0000000000:PROG  ] Environment: BSP_NIC_RTL8139=1
BUILD: [00:0000000000:PROG  ] Environment: BSP_NIC_RTLNWIFI=1
BUILD: [00:0000000000:PROG  ] Environment: BSP_NOCFGPCIPCIBRIDGE=1
BUILD: [00:0000000000:PROG  ] Environment: BSP_NOTOUCH=1
BUILD: [00:0000000000:PROG  ] Environment: BSP_UDP_IPAddress=1
BUILD: [00:0000000000:PROG  ] Environment: BSP_USB_EHCI=1
BUILD: [00:0000000000:PROG  ] Environment: BSP_USB_OHCI=1
BUILD: [00:0000000000:PROG  ] Environment: BSP_USB_UHCI=1
BUILD: [00:0000000000:PROG  ] Environment: BSP_WAVEDEV_SB16=1
BUILD: [00:0000000000:PROG  ] Environment: BUILD_DEFAULT=-nmake -nologo
BUILD: [00:0000000000:PROG  ] Environment: BUILD_MULTIPROCESSOR=0
BUILD: [00:0000000000:PROG  ] Environment: CEBASE=1
BUILD: [00:0000000000:PROG  ] Environment: ChocolateyInstall=C:\Chocolatey
BUILD: [00:0000000000:PROG  ] Environment: CommonProgramFiles=C:\Program Files (x86)\Common Files
BUILD: [00:0000000000:PROG  ] Environment: CommonProgramFiles(x86)=C:\Program Files (x86)\Common Files
BUILD: [00:0000000000:PROG  ] Environment: CommonProgramW6432=C:\Program Files\Common Files
BUILD: [00:0000000000:PROG  ] Environment: COMPUTERNAME=D5421-E101
BUILD: [00:0000000000:PROG  ] Environment: ComSpec=C:\WINDOWS\system32\cmd.exe
BUILD: [00:0000000000:PROG  ] Environment: COPYCMD=/y
BUILD: [00:0000000000:PROG  ] Environment: DEFAULT_LOCALE=en-US
BUILD: [00:0000000000:PROG  ] Environment: FP_NO_HOST_CHECK=NO
BUILD: [00:0000000000:PROG  ] Environment: HOMEDRIVE=C:
BUILD: [00:0000000000:PROG  ] Environment: HOMEPATH=\Users\Samuel
BUILD: [00:0000000000:PROG  ] Environment: IMGEBOOT=1
BUILD: [00:0000000000:PROG  ] Environment: IMGFAKERIL=1
BUILD: [00:0000000000:PROG  ] Environment: IMGFAKESPK=1
BUILD: [00:0000000000:PROG  ] Environment: IMGNODEBUGGER=1
BUILD: [00:0000000000:PROG  ] Environment: IMGNOKITL=1
BUILD: [00:0000000000:PROG  ] Environment: IMGSOFTRTC=1
BUILD: [00:0000000000:PROG  ] Environment: LOCALAPPDATA=C:\Users\Samuel\AppData\Local
BUILD: [00:0000000000:PROG  ] Environment: LOCALE=0409
BUILD: [00:0000000000:PROG  ] Environment: LOGFILEBASE=C:\WINCE800\build
BUILD: [00:0000000000:PROG  ] Environment: LOGFILEDIR=C:\WINCE800\
BUILD: [00:0000000000:PROG  ] Environment: LOGONSERVER=\\MicrosoftAccount
BUILD: [00:0000000000:PROG  ] Environment: MSBuildLoadMicrosoftTargetsReadOnly=true
BUILD: [00:0000000000:PROG  ] Environment: NUMBER_OF_PROCESSORS=4
BUILD: [00:0000000000:PROG  ] Environment: OS=Windows_NT
BUILD: [00:0000000000:PROG  ] Environment: Path=C:\WINCE800\sdk\bin\i386\x86;C:\WINCE800\sdk\bin\i386;C:\WINCE800\sdk\bin\i386\x86;C:\WINCE800\public\common\oak\Bin\i386;C:\WINCE800\private\bin\i386;C:\WINCE800\private\bat;C:\WINCE800\public\common\oak\misc;C:\WINCE800\developr\Samuel;C:\Program Files (x86)\Microsoft Visual Studio 12.0\Common7\IDE\CommonExtensions\Microsoft\TeamFoundation\Team Explorer\NativeBinaries/x86;C:\Program Files (x86)\Intel\iCLS Client\;C:\Program Files\Intel\iCLS Client\;C:\WINDOWS\system32;C:\WINDOWS;C:\WINDOWS\System32\Wbem;C:\WINDOWS\System32\WindowsPowerShell\v1.0\;C:\Program Files\Intel\Intel(R) Management Engine Components\DAL;C:\Program Files\Intel\Intel(R) Management Engine Components\IPT;C:\Program Files (x86)\Intel\Intel(R) Management Engine Components\DAL;C:\Program Files (x86)\Intel\Intel(R) Management Engine Components\IPT;C:\Program Files (x86)\Microsoft ASP.NET\ASP.NET Web Pages\v1.0\;C:\Program Files\Microsoft SQL Server\110\Tools\Binn\;C:\Program Files\Intel\WiFi\bin\;C:\Program Files\Common Files\Intel\WirelessCommon\;C:\Program Files (x86)\Windows Kits\8.1\Windows Performance Toolkit\;C:\Program Files (x86)\Microsoft SQL Server\110\Tools\Binn\;C:\Program Files\Microsoft SQL Server\110\DTS\Binn\;C:\Program Files (x86)\Microsoft SQL Server\110\Tools\Binn\ManagementStudio\;C:\Program Files (x86)\Microsoft Visual Studio 10.0\Common7\IDE\PrivateAssemblies\;C:\Program Files (x86)\Microsoft SQL Server\110\DTS\Binn\;C:\Program Files\Microsoft\Web Platform Installer\;C:\Program Files (x86)\Microsoft SDKs\Windows Azure\CLI\wbin;C:\Program Files (x86)\Windows Live\Shared;C:\Program Files (x86)\Git\cmd;C:\Program Files (x86)\Microsoft SDKs\Azure\CLI\wbin;C:\Program Files (x86)\Microsoft SDKs\TypeScript\1.0\;C:\Program Files\Microsoft SQL Server\120\Tools\Binn\;C:\Program Files (x86)\Skype\Phone\;C:\Chocolatey\bin;C:\Program Files (x86)\Git\cmd;;C:\WINDOWS\system32;C:\WINDOWS;C:\Program Files (x86)\Microsoft Platform Builder\8.00\cepb\ideVS
BUILD: [00:0000000000:PROG  ] Environment: PATHEXT=.COM;.EXE;.BAT;.CMD;.VBS;.VBE;.JS;.JSE;.WSF;.WSH;.MSC
BUILD: [00:0000000000:PROG  ] Environment: PBCONFIG=Generic CEPC  x86 Release
BUILD: [00:0000000000:PROG  ] Environment: PBCONFIGTAG=F4472ECB
BUILD: [00:0000000000:PROG  ] Environment: PBWORKSPACE=C:\WINCE800\OSDESI~1\MyCEPC\MyCEPC\MYCEPC~1.PBX
BUILD: [00:0000000000:PROG  ] Environment: PBWORKSPACEROOT=C:\WINCE800\OSDesigns\MyCEPC\MyCEPC
BUILD: [00:0000000000:PROG  ] Environment: PkgDefApplicationConfigFile=C:\Users\Samuel\AppData\Local\Microsoft\VisualStudio\12.0\devenv.exe.config
BUILD: [00:0000000000:PROG  ] Environment: PROCESSOR_ARCHITECTURE=x86
BUILD: [00:0000000000:PROG  ] Environment: PROCESSOR_ARCHITEW6432=AMD64
BUILD: [00:0000000000:PROG  ] Environment: PROCESSOR_IDENTIFIER=Intel64 Family 6 Model 58 Stepping 9, GenuineIntel
BUILD: [00:0000000000:PROG  ] Environment: PROCESSOR_LEVEL=6
BUILD: [00:0000000000:PROG  ] Environment: PROCESSOR_REVISION=3a09
BUILD: [00:0000000000:PROG  ] Environment: ProgramData=C:\ProgramData
BUILD: [00:0000000000:PROG  ] Environment: ProgramFiles=C:\Program Files (x86)
BUILD: [00:0000000000:PROG  ] Environment: ProgramFiles(x86)=C:\Program Files (x86)
BUILD: [00:0000000000:PROG  ] Environment: ProgramW6432=C:\Program Files
BUILD: [00:0000000000:PROG  ] Environment: PROMPT=$P$G
BUILD: [00:0000000000:PROG  ] Environment: PSModulePath=C:\WINDOWS\system32\WindowsPowerShell\v1.0\Modules\;C:\Program Files (x86)\Microsoft SQL Server\110\Tools\PowerShell\Modules\;C:\Program Files (x86)\Microsoft SDKs\Azure\PowerShell\ServiceManagement
BUILD: [00:0000000000:PROG  ] Environment: PUBLIC=C:\Users\Public
BUILD: [00:0000000000:PROG  ] Environment: SCRIPTNAME=BldDemo1.bat
BUILD: [00:0000000000:PROG  ] Environment: SCRIPTPARAMS= -q
BUILD: [00:0000000000:PROG  ] Environment: SESSIONNAME=Console
BUILD: [00:0000000000:PROG  ] Environment: SG_OUTPUT_ROOT=C:\WINCE800\OSDesigns\MyCEPC\MyCEPC\Wince800\CEPC_x86_Retail\cesysgen
BUILD: [00:0000000000:PROG  ] Environment: SYSGEN_APPDEBUG=1
BUILD: [00:0000000000:PROG  ] Environment: SYSGEN_ATL=1
BUILD: [00:0000000000:PROG  ] Environment: SYSGEN_AUTOLAUNCH=1
BUILD: [00:0000000000:PROG  ] Environment: SYSGEN_COMMCTRL=1
BUILD: [00:0000000000:PROG  ] Environment: SYSGEN_COMMDLG=1
BUILD: [00:0000000000:PROG  ] Environment: SYSGEN_CONSOLE=1
BUILD: [00:0000000000:PROG  ] Environment: SYSGEN_CoreCon_v320_Compact2013=1
BUILD: [00:0000000000:PROG  ] Environment: SYSGEN_DCOM=1
BUILD: [00:0000000000:PROG  ] Environment: SYSGEN_FIREWALL=1
BUILD: [00:0000000000:PROG  ] Environment: SYSGEN_FTPD=1
BUILD: [00:0000000000:PROG  ] Environment: SYSGEN_HTTPD=1
BUILD: [00:0000000000:PROG  ] Environment: SYSGEN_MFC=1
BUILD: [00:0000000000:PROG  ] Environment: SYSGEN_MINSHELL=1
BUILD: [00:0000000000:PROG  ] Environment: SYSGEN_MINWMGR=1
BUILD: [00:0000000000:PROG  ] Environment: SYSGEN_NETCF_WINFORMS=1
BUILD: [00:0000000000:PROG  ] Environment: SYSGEN_NETUTILS=1
BUILD: [00:0000000000:PROG  ] Environment: SYSGEN_NETWORKING=1
BUILD: [00:0000000000:PROG  ] Environment: SYSGEN_OLE=1
BUILD: [00:0000000000:PROG  ] Environment: SYSGEN_REMOTETOOLS=1
BUILD: [00:0000000000:PROG  ] Environment: SYSGEN_TELNETD=1
BUILD: [00:0000000000:PROG  ] Environment: SYSGEN_WCELOAD=1
BUILD: [00:0000000000:PROG  ] Environment: SYSGEN_WININET=1
BUILD: [00:0000000000:PROG  ] Environment: SystemDrive=C:
BUILD: [00:0000000000:PROG  ] Environment: SystemRoot=C:\WINDOWS
BUILD: [00:0000000000:PROG  ] Environment: TEMP=C:\Temp\bld_92282
BUILD: [00:0000000000:PROG  ] Environment: TMP=C:\Temp\bld_92282
BUILD: [00:0000000000:PROG  ] Environment: USERDOMAIN=D5421-E101
BUILD: [00:0000000000:PROG  ] Environment: USERDOMAIN_ROAMINGPROFILE=D5421-E101
BUILD: [00:0000000000:PROG  ] Environment: USERNAME=Samuel
BUILD: [00:0000000000:PROG  ] Environment: USERPROFILE=C:\Users\Samuel
BUILD: [00:0000000000:PROG  ] Environment: USING_PB_WORKSPACE_ENVIRONMENT=1
BUILD: [00:0000000000:PROG  ] Environment: VisualStudioDir=C:\Users\Samuel\Documents\Visual Studio 2013
BUILD: [00:0000000000:PROG  ] Environment: VisualStudioEdition=Microsoft Visual Studio Ultimate 2013
BUILD: [00:0000000000:PROG  ] Environment: VisualStudioVersion=12.0
BUILD: [00:0000000000:PROG  ] Environment: VS110COMNTOOLS=C:\Program Files (x86)\Microsoft Visual Studio 11.0\Common7\Tools\
BUILD: [00:0000000000:PROG  ] Environment: VS120COMNTOOLS=C:\Program Files (x86)\Microsoft Visual Studio 12.0\Common7\Tools\
BUILD: [00:0000000000:PROG  ] Environment: VSLANG=1033
BUILD: [00:0000000000:PROG  ] Environment: VSSDK110Install=C:\Program Files (x86)\Microsoft Visual Studio 11.0\VSSDK\
BUILD: [00:0000000000:PROG  ] Environment: WECSDK=Compact 2013 SDK for eBox-3350MX
BUILD: [00:0000000000:PROG  ] Environment: WINCEDEBUG=retail
BUILD: [00:0000000000:PROG  ] Environment: WINCEMAP=1
BUILD: [00:0000000000:PROG  ] Environment: WINCEREL=1
BUILD: [00:0000000000:PROG  ] Environment: windir=C:\WINDOWS
BUILD: [00:0000000000:PROG  ] Environment: _BD_PROJECTOAKROOT=C:\WINCE800\OSDesigns\MyCEPC\MyCEPC\Wince800\CEPC_x86_Retail\oak
BUILD: [00:0000000000:PROG  ] Environment: _BLDDEMO_CLEAN=1
BUILD: [00:0000000000:PROG  ] Environment: _BLDDEMO_CLEANPLAT=1
BUILD: [00:0000000000:PROG  ] Environment: _BLDDEMO_EXITCODE=0
BUILD: [00:0000000000:PROG  ] Environment: _BUILDOUTPUTFILTER_EXISTS=1
BUILD: [00:0000000000:PROG  ] Environment: _BUILDOUTPUTFILTER_RUNNING=1
BUILD: [00:0000000000:PROG  ] Environment: _BUILD_A_FLAG=-A
BUILD: [00:0000000000:PROG  ] Environment: _CEBUILDPERF_LOGGER=C:\WINCE800\private\bin\i386\CeBuildPerfLogger.exe
BUILD: [00:0000000000:PROG  ] Environment: _CLEAN_PLAT_ALL=1
BUILD: [00:0000000000:PROG  ] Environment: _CLEAN_PLAT_COMMON_ALL=1
BUILD: [00:0000000000:PROG  ] Environment: _DEPTREES=winceos dcom wgi html netcf servers cellcore ossvcs shell directx ostest viewers CEBASE
BUILD: [00:0000000000:PROG  ] Environment: _DOTNET20ROOT=C:\WINDOWS\Microsoft.NET\Framework\v2.0.50727
BUILD: [00:0000000000:PROG  ] Environment: _DOTNET20SP2INSTALLED=1
BUILD: [00:0000000000:PROG  ] Environment: _DOTNET30ROOT=C:\WINDOWS\Microsoft.NET\Framework\v3.0
BUILD: [00:0000000000:PROG  ] Environment: _DOTNET30SP2INSTALLED=1
BUILD: [00:0000000000:PROG  ] Environment: _DOTNET35ROOT=C:\Windows\Microsoft.NET\Framework\v3.5
BUILD: [00:0000000000:PROG  ] Environment: _DOTNET35SP1INSTALLED=1
BUILD: [00:0000000000:PROG  ] Environment: _DOTNET40CLIENTINSTALLED=1
BUILD: [00:0000000000:PROG  ] Environment: _DOTNET40FULLINSTALLED=1
BUILD: [00:0000000000:PROG  ] Environment: _DOTNET40ROOT=C:\Windows\Microsoft.NET\Framework\v4.0.30319
BUILD: [00:0000000000:PROG  ] Environment: _DOTNET45INSTALLED=1
BUILD: [00:0000000000:PROG  ] Environment: _DOTNETSDKROOT=C:\Windows\Microsoft.NET\Framework\v4.0.30319\
BUILD: [00:0000000000:PROG  ] Environment: _FLATRELEASEDIR=C:\WINCE800\OSDesigns\MyCEPC\MyCEPC\RelDir\CEPC_x86_Release
BUILD: [00:0000000000:PROG  ] Environment: _HOSTCPUTYPE=i386
BUILD: [00:0000000000:PROG  ] Environment: _MAJORVERSION=8
BUILD: [00:0000000000:PROG  ] Environment: _MAKEENVROOT=C:\WINCE800\public\common\oak\misc
BUILD: [00:0000000000:PROG  ] Environment: _MINORVERSION=00
BUILD: [00:0000000000:PROG  ] Environment: _OSDESIGNDDKROOT=C:\WINCE800\OSDesigns\MyCEPC\MyCEPC\Wince800\CEPC_x86_Retail\ddk
BUILD: [00:0000000000:PROG  ] Environment: _OSDESIGNOAKROOT=C:\WINCE800\OSDesigns\MyCEPC\MyCEPC\Wince800\CEPC_x86_Retail\oak
BUILD: [00:0000000000:PROG  ] Environment: _OSDESIGNROOT=C:\WINCE800\OSDesigns\MyCEPC\MyCEPC
BUILD: [00:0000000000:PROG  ] Environment: _OSDESIGNSDKROOT=C:\WINCE800\OSDesigns\MyCEPC\MyCEPC\Wince800\CEPC_x86_Retail\sdk
BUILD: [00:0000000000:PROG  ] Environment: _PB_INSTALL_ROOT=C:\PROGRA~2\MIFAB2~1\8.00
BUILD: [00:0000000000:PROG  ] Environment: _PLATFORMDRIVE=C:
BUILD: [00:0000000000:PROG  ] Environment: _PLATFORMROOT=C:\WINCE800\platform
BUILD: [00:0000000000:PROG  ] Environment: _PREWINCEPATH=C:\Program Files (x86)\Microsoft Visual Studio 12.0\Common7\IDE\CommonExtensions\Microsoft\TeamFoundation\Team Explorer\NativeBinaries/x86;C:\Program Files (x86)\Intel\iCLS Client\;C:\Program Files\Intel\iCLS Client\;C:\WINDOWS\system32;C:\WINDOWS;C:\WINDOWS\System32\Wbem;C:\WINDOWS\System32\WindowsPowerShell\v1.0\;C:\Program Files\Intel\Intel(R) Management Engine Components\DAL;C:\Program Files\Intel\Intel(R) Management Engine Components\IPT;C:\Program Files (x86)\Intel\Intel(R) Management Engine Components\DAL;C:\Program Files (x86)\Intel\Intel(R) Management Engine Components\IPT;C:\Program Files (x86)\Microsoft ASP.NET\ASP.NET Web Pages\v1.0\;C:\Program Files\Microsoft SQL Server\110\Tools\Binn\;C:\Program Files\Intel\WiFi\bin\;C:\Program Files\Common Files\Intel\WirelessCommon\;C:\Program Files (x86)\Windows Kits\8.1\Windows Performance Toolkit\;C:\Program Files (x86)\Microsoft SQL Server\110\Tools\Binn\;C:\Program Files\Microsoft SQL Server\110\DTS\Binn\;C:\Program Files (x86)\Microsoft SQL Server\110\Tools\Binn\ManagementStudio\;C:\Program Files (x86)\Microsoft Visual Studio 10.0\Common7\IDE\PrivateAssemblies\;C:\Program Files (x86)\Microsoft SQL Server\110\DTS\Binn\;C:\Program Files\Microsoft\Web Platform Installer\;C:\Program Files (x86)\Microsoft SDKs\Windows Azure\CLI\wbin;C:\Program Files (x86)\Windows Live\Shared;C:\Program Files (x86)\Git\cmd;C:\Program Files (x86)\Microsoft SDKs\Azure\CLI\wbin;C:\Program Files (x86)\Microsoft SDKs\TypeScript\1.0\;C:\Program Files\Microsoft SQL Server\120\Tools\Binn\;C:\Program Files (x86)\Skype\Phone\;C:\Chocolatey\bin;C:\Program Files (x86)\Git\cmd;
BUILD: [00:0000000000:PROG  ] Environment: _PRIVATEDRIVE=C:
BUILD: [00:0000000000:PROG  ] Environment: _PRIVATEROOT=C:\WINCE800\private
BUILD: [00:0000000000:PROG  ] Environment: _PROJECTDDKROOT=C:\WINCE800\public\CEBASE\ddk
BUILD: [00:0000000000:PROG  ] Environment: _PROJECTOAKROOT=C:\WINCE800\public\CEBASE\oak
BUILD: [00:0000000000:PROG  ] Environment: _PROJECTROOT=C:\WINCE800\public\CEBASE
BUILD: [00:0000000000:PROG  ] Environment: _PROJECTSDKROOT=C:\WINCE800\public\CEBASE\sdk
BUILD: [00:0000000000:PROG  ] Environment: _PROJPUBLICROOT=C:\WINCE800\OSDesigns\MyCEPC\MyCEPC\WINCE800\PUBLIC
BUILD: [00:0000000000:PROG  ] Environment: _PUBLICDRIVE=C:
BUILD: [00:0000000000:PROG  ] Environment: _PUBLICROOT=C:\WINCE800\public
BUILD: [00:0000000000:PROG  ] Environment: _SDKDRIVE=C:
BUILD: [00:0000000000:PROG  ] Environment: _SDKROOT=C:\WINCE800\sdk
BUILD: [00:0000000000:PROG  ] Environment: _TARGETPLATROOT=C:\WINCE800\platform\CEPC
BUILD: [00:0000000000:PROG  ] Environment: _TGTCPU=x86
BUILD: [00:0000000000:PROG  ] Environment: _TGTCPUFAMILY=x86
BUILD: [00:0000000000:PROG  ] Environment: _TGTOS=CE
BUILD: [00:0000000000:PROG  ] Environment: _TGTPLAT=CEPC
BUILD: [00:0000000000:PROG  ] Environment: _TGTPROJ=cebase
BUILD: [00:0000000000:PROG  ] Environment: _TOOLSSDKDRIVE=C:
BUILD: [00:0000000000:PROG  ] Environment: _TOOLSSDKROOT=C:\WINCE800\tools\public\ext
BUILD: [00:0000000000:PROG  ] Environment: _WINCECALLED=1
BUILD: [00:0000000000:PROG  ] Environment: _WINCEDRIVE=C:
BUILD: [00:0000000000:PROG  ] Environment: _WINCEOSVER=800
BUILD: [00:0000000000:PROG  ] Environment: _WINCEROOT=C:\WINCE800
BUILD: [00:0000000000:PROGC ] Running passes WCEFILES0, MIDL, MC, ASN, THUNK, RUN_WPP, XRPACK, PRECOMPHEADER, COMPILE, RENUMBERICONIDS, RES2RES, LIB, EXPLIB, LINK, LOCALIZE, MANAGEDRESX, MANAGEDMOD, MANAGEDDLL, MANAGEDEXE, MANAGEDWIN, POSTBUILD for x86.
BUILD: [00:0000000031:PROGC ] Loading database "C:\wince800\3rdparty\autolaunch_v320_compact2013\Buildx86retail.dat".
BUILD: [00:0000000046:PROGC ] Done.
BUILD: [00:0000000046:PROGC ] Computing include file dependencies:
BUILD: [00:0000000062:PROG  ] Waiting for 1 worker threads.
BUILD: [01:0000000062:PROGC ] Scan C:\wince800\3rdparty\autolaunch_v320_compact2013\
BUILD: [00:0000000359:PROGC ] Directory scanning complete.
BUILD: [00:0000000359:PROGC ] Saving Master Database complete.
BUILD: [00:0000000359:PROGC ] Starting WCEFILES0 Pass.
BUILD: [00:0000000359:PROGC ] Analyzing project dependency information for pass WCEFILES0.
BUILD: [00:0000000359:PROGC ] Starting MIDL Pass.
BUILD: [00:0000000359:PROGC ] Analyzing project dependency information for pass MIDL.
BUILD: [00:0000000359:PROGC ] Starting MC Pass.
BUILD: [00:0000000359:PROGC ] Analyzing project dependency information for pass MC.
BUILD: [00:0000000359:PROGC ] Starting ASN Pass.
BUILD: [00:0000000359:PROGC ] Analyzing project dependency information for pass ASN.
BUILD: [00:0000000359:PROGC ] Starting THUNK Pass.
BUILD: [00:0000000359:PROGC ] Analyzing project dependency information for pass THUNK.
BUILD: [00:0000000359:PROGC ] Starting RUN_WPP Pass.
BUILD: [00:0000000359:PROGC ] Analyzing project dependency information for pass RUN_WPP.
BUILD: [00:0000000359:PROGC ] Starting XRPACK Pass.
BUILD: [00:0000000359:PROGC ] Analyzing project dependency information for pass XRPACK.
BUILD: [00:0000000359:PROGC ] Starting PRECOMPHEADER Pass.
BUILD: [00:0000000359:PROGC ] Analyzing project dependency information for pass PRECOMPHEADER.
BUILD: [00:0000000359:INFO  ] Will Build C:\wince800\3rdparty\autolaunch_v320_compact2013\StdAfx.h because target: C:\wince800\3rdparty\autolaunch_v320_compact2013\obj\x86\retail\StdAfx.pch is missing.
BUILD: [00:0000000359:INFO  ] Will Build C:\wince800\3rdparty\autolaunch_v320_compact2013\ because target: C:\wince800\3rdparty\autolaunch_v320_compact2013\obj\x86\retail\StdAfx.pch is missing.
BUILD: [00:0000000359:PROGC ] Building PRECOMPHEADER Pass in C:\wince800\3rdparty\autolaunch_v320_compact2013\ directory.
BUILD: [00:0000000359:PROG  ] 'NMAKE.EXE TargetPCHPass  -nologo BUILDMSG=Stop.  BUILDROOT=C:\wince800\3rdparty\autolaunch_v320_compact2013\ NOLINK=1 PASS0ONLY=1 PASSPCH=1' (SYNCHRONIZE_BLOCK = 0)
BUILD: [00:0000000359:PROG  ] Waiting for 1 worker threads.
BUILD: [01:0000000359:INFO  ] makefile.def: Including C:\WINCE800\public\common\oak\misc\Sources.default
BUILD: [01:0000000375:INFO  ] makefile.def: BUILDROOT is C:\wince800\3rdparty\autolaunch_v320_compact2013\
BUILD: [01:0000000390:INFO  ] makefile.def: Including C:\wince800\3rdparty\autolaunch_v320_compact2013\sources
BUILD: [01:0000000390:INFO  ] makefile.def: Including C:\WINCE800\public\common\oak\misc\Sources.CE
BUILD: [01:0000000390:INFO  ] Directory: C:\wince800\3rdparty\autolaunch_v320_compact2013
BUILD: [01:0000000390:INFO  ] TARGETNAME: AutoLaunch
BUILD: [01:0000000390:INFO  ] makefile.def: Including C:\WINCE800\public\common\oak\misc\sources.ReleaseType_LOCAL
BUILD: [01:0000000421:PROGC ] Create precompiled header StdAfx.h C:\wince800\3rdparty\autolaunch_v320_compact2013\obj\x86\retail\StdAfx.obj C:\wince800\3rdparty\autolaunch_v320_compact2013\obj\x86\retail\StdAfx.pch
BUILD: [01:0000000437:INFO  ] cl.exe -nologo    /Gy /Tp -c -I. -IC:\WINCE800\public\common\oak\inc -IC:\WINCE800\public\common\sdk\inc -IC:\WINCE800\public\common\sdk\inc\cestl -IC:\WINCE800\public\common\sdk\inc\crt -I.\Resource\0409 -Ox -Os -Oy- -GF -Zi -d2Zi+ -FdC:\wince800\3rdparty\autolaunch_v320_compact2013\obj\x86\retail\AutoLaunch.pdb -D_CRT_SECURE_NO_DEPRECATE -D_USE_32BIT_TIME_T -DUNICODE -D_UNICODE -DUNDER_CE=800 -D_WIN32_WCE=0x0800 -DWIN32 -DSTRICT -Dx86 -D_X86_ -D_MIDL_USE_GUIDDEF_ -DNDEBUG=1  -DINTERNATIONAL -DINTLMSG_CODEPAGE=1252 /arch:IA32 -wd4007 -Zc:wchar_t- -Zc:forScope- -wd4867 -wd4430 -wd4603 -wd4627 -wd4100 -wd4201 -wd4115 -wd4214 -wd4049 -wd4505 -MT -U_MT /FC -W3     /GR- /YlAutoLaunch /YcStdAfx.h /FpC:\wince800\3rdparty\autolaunch_v320_compact2013\obj\x86\retail\StdAfx.pch /FoC:\wince800\3rdparty\autolaunch_v320_compact2013\obj\x86\retail\StdAfx.obj
BUILD: [01:0000000500:INFO  ] pch_hdr.src
BUILD: [00:0000000984:PROGC ] Starting COMPILE Pass.
BUILD: [00:0000000984:PROGC ] Analyzing project dependency information for pass COMPILE.
BUILD: [00:0000000984:INFO  ] Will Build C:\wince800\3rdparty\autolaunch_v320_compact2013\AutoLaunch.cpp because target: C:\wince800\3rdparty\autolaunch_v320_compact2013\obj\x86\retail\AutoLaunch.obj is missing.
BUILD: [00:0000000984:PROGC ] Building COMPILE Pass in C:\wince800\3rdparty\autolaunch_v320_compact2013\ directory.
BUILD: [00:0000000984:PROG  ] 'NMAKE.EXE TargetCompilePass  -nologo BUILDMSG=Stop.  BUILDROOT=C:\wince800\3rdparty\autolaunch_v320_compact2013\ NOLINK=1 NOPASS0=1' (SYNCHRONIZE_BLOCK = 0)
BUILD: [00:0000000984:PROG  ] Waiting for 1 worker threads.
BUILD: [01:0000001015:INFO  ] makefile.def: Including C:\WINCE800\public\common\oak\misc\Sources.default
BUILD: [01:0000001015:INFO  ] makefile.def: BUILDROOT is C:\wince800\3rdparty\autolaunch_v320_compact2013\
BUILD: [01:0000001031:INFO  ] makefile.def: Including C:\wince800\3rdparty\autolaunch_v320_compact2013\sources
BUILD: [01:0000001031:INFO  ] makefile.def: Including C:\WINCE800\public\common\oak\misc\Sources.CE
BUILD: [01:0000001031:INFO  ] Directory: C:\wince800\3rdparty\autolaunch_v320_compact2013
BUILD: [01:0000001031:INFO  ] TARGETNAME: AutoLaunch
BUILD: [01:0000001046:INFO  ] makefile.def: Including C:\WINCE800\public\common\oak\misc\sources.ReleaseType_LOCAL
BUILD: [01:0000001078:PROGC ] Compiling .\AutoLaunch.cpp
BUILD: [01:0000001109:INFO  ] cl.exe -nologo /YuStdAfx.h /FpC:\wince800\3rdparty\autolaunch_v320_compact2013\obj\x86\retail\StdAfx.pch  -FoC:\wince800\3rdparty\autolaunch_v320_compact2013\obj\x86\retail\  /Gy -c -I. -IC:\WINCE800\public\common\oak\inc -IC:\WINCE800\public\common\sdk\inc -IC:\WINCE800\public\common\sdk\inc\cestl -IC:\WINCE800\public\common\sdk\inc\crt -I.\Resource\0409 -Ox -Os -Oy- -GF -Zi -d2Zi+ -FdC:\wince800\3rdparty\autolaunch_v320_compact2013\obj\x86\retail\AutoLaunch.pdb -D_CRT_SECURE_NO_DEPRECATE -D_USE_32BIT_TIME_T -DUNICODE -D_UNICODE -DUNDER_CE=800 -D_WIN32_WCE=0x0800 -DWIN32 -DSTRICT -Dx86 -D_X86_ -D_MIDL_USE_GUIDDEF_ -DNDEBUG=1  -DINTERNATIONAL -DINTLMSG_CODEPAGE=1252 /arch:IA32 -wd4007 -Zc:wchar_t- -Zc:forScope- -wd4867 -wd4430 -wd4603 -wd4627 -wd4100 -wd4201 -wd4115 -wd4214 -wd4049 -wd4505 -MT -U_MT /FC -W3     /GR- .\AutoLaunch.cpp 
BUILD: [01:0000001156:INFO  ] AutoLaunch.cpp
BUILD: [01:0000001234:PROGC ] Warning(s) in directory "C:\wince800\3rdparty\autolaunch_v320_compact2013\".
BUILD: [01:0000001234:WARNN ] c:\wince800\3rdparty\autolaunch_v320_compact2013\autolaunch.cpp(101) : warning C4101: 'dwTemp' : unreferenced local variable
BUILD: [01:0000001250:WARNN ] c:\wince800\3rdparty\autolaunch_v320_compact2013\autolaunch.cpp(173) : warning C4101: 'ptrCmdLine' : unreferenced local variable
BUILD: [00:0000001312:PROGC ] Starting RENUMBERICONIDS Pass.
BUILD: [00:0000001312:PROGC ] Analyzing project dependency information for pass RENUMBERICONIDS.
BUILD: [00:0000001312:PROGC ] Starting RES2RES Pass.
BUILD: [00:0000001312:PROGC ] Analyzing project dependency information for pass RES2RES.
BUILD: [00:0000001312:PROGC ] Starting LIB Pass.
BUILD: [00:0000001312:PROGC ] Analyzing project dependency information for pass LIB.
BUILD: [00:0000001312:PROG  ] ' prelink.bat' (SYNCHRONIZE_BLOCK = 0)
BUILD: [00:0000001312:PROG  ] Waiting for 1 worker threads.
BUILD: [00:0000001328:PROGC ] Starting EXPLIB Pass.
BUILD: [00:0000001328:PROGC ] Analyzing project dependency information for pass EXPLIB.
BUILD: [00:0000001328:PROGC ] Starting LINK Pass.
BUILD: [00:0000001328:PROGC ] Analyzing project dependency information for pass LINK.
BUILD: [00:0000001375:INFO  ] Will Build C:\wince800\osdesigns\mycepc\mycepc\wince800\cepc_x86_retail\cesysgen\sdk\lib\x86\retail\coredll.lib because target: C:\wince800\3rdparty\autolaunch_v320_compact2013\obj\x86\retail\AutoLaunch.exe is missing.
BUILD: [00:0000001375:INFO  ] Will Build C:\wince800\osdesigns\mycepc\mycepc\wince800\cepc_x86_retail\cesysgen\sdk\lib\x86\retail\ws2.lib because target: C:\wince800\3rdparty\autolaunch_v320_compact2013\obj\x86\retail\AutoLaunch.exe is missing.
BUILD: [00:0000001375:INFO  ] Will Build C:\wince800\osdesigns\mycepc\mycepc\wince800\cepc_x86_retail\cesysgen\oak\lib\x86\retail\ccrt0.lib because target: C:\wince800\3rdparty\autolaunch_v320_compact2013\obj\x86\retail\AutoLaunch.exe is missing.
BUILD: [00:0000001375:INFO  ] Will Build C:\wince800\osdesigns\mycepc\mycepc\wince800\cepc_x86_retail\cesysgen\oak\lib\x86\retail\msvcrt.lib because target: C:\wince800\3rdparty\autolaunch_v320_compact2013\obj\x86\retail\AutoLaunch.exe is missing.
BUILD: [00:0000001375:INFO  ] Will Build C:\wince800\3rdparty\autolaunch_v320_compact2013\obj\x86\retail\AutoLaunch.obj because target: C:\wince800\3rdparty\autolaunch_v320_compact2013\obj\x86\retail\AutoLaunch.exe is missing.
BUILD: [00:0000001375:INFO  ] Will Build C:\wince800\3rdparty\autolaunch_v320_compact2013\ because target: C:\wince800\3rdparty\autolaunch_v320_compact2013\obj\x86\retail\AutoLaunch.exe is missing.
BUILD: [00:0000001375:PROGC ] Building LINK Pass in C:\wince800\3rdparty\autolaunch_v320_compact2013\ directory.
BUILD: [00:0000001375:PROG  ] 'NMAKE.EXE TargetExeFiles  -nologo BUILDMSG=Stop.  BUILDROOT=C:\wince800\3rdparty\autolaunch_v320_compact2013\ LINKONLY=1 NOPASS0=1' (SYNCHRONIZE_BLOCK = 0)
BUILD: [00:0000001375:PROG  ] Waiting for 1 worker threads.
BUILD: [01:0000001375:INFO  ] makefile.def: Including C:\WINCE800\public\common\oak\misc\Sources.default
BUILD: [01:0000001375:INFO  ] makefile.def: BUILDROOT is C:\wince800\3rdparty\autolaunch_v320_compact2013\
BUILD: [01:0000001390:INFO  ] makefile.def: Including C:\wince800\3rdparty\autolaunch_v320_compact2013\sources
BUILD: [01:0000001390:INFO  ] makefile.def: Including C:\WINCE800\public\common\oak\misc\Sources.CE
BUILD: [01:0000001406:INFO  ] Directory: C:\wince800\3rdparty\autolaunch_v320_compact2013
BUILD: [01:0000001406:INFO  ] TARGETNAME: AutoLaunch
BUILD: [01:0000001406:INFO  ] makefile.def: Including C:\WINCE800\public\common\oak\misc\sources.ReleaseType_LOCAL
BUILD: [01:0000001437:INFO  ] .
BUILD: [01:0000001437:INFO  ] 	set LIB=
BUILD: [01:0000001437:PROGC ] Linking C:\wince800\3rdparty\autolaunch_v320_compact2013\obj\x86\retail\AutoLaunch.exe
BUILD: [01:0000001453:INFO  ] 	link.exe /LARGEADDRESSAWARE /filealign:0x1000 -out:C:\wince800\3rdparty\autolaunch_v320_compact2013\obj\x86\retail\AutoLaunch.exe -machine:x86 @C:\Temp\bld_92282\thr_16\nm93F3.tmp
BUILD: [01:0000001468:INFO  ] Microsoft (R) Incremental Linker Version 11.00.50727.114
BUILD: [01:0000001468:INFO  ] Copyright (C) Microsoft Corporation.  All rights reserved.
BUILD: [01:0000001468:INFO  ] 
BUILD: [01:0000001468:INFO  ] -nodefaultlib 
BUILD: [01:0000001468:INFO  ] -entry:mainWCRTStartup 
BUILD: [01:0000001468:INFO  ] -pdb:C:\wince800\3rdparty\autolaunch_v320_compact2013\obj\x86\retail\AutoLaunch.pdb 
BUILD: [01:0000001468:INFO  ] -pdbaltpath:AutoLaunch.pdb 
BUILD: [01:0000001468:INFO  ] /opt:ref,icf 
BUILD: [01:0000001468:INFO  ] -debug -incremental:no -debugtype:cv,fixup,PDATA -novcfeature 
BUILD: [01:0000001468:INFO  ] /safeseh 
BUILD: [01:0000001468:INFO  ] -map:C:\wince800\3rdparty\autolaunch_v320_compact2013\obj\x86\retail\AutoLaunch.map 
BUILD: [01:0000001468:INFO  ] -savebaserelocations:C:\wince800\3rdparty\autolaunch_v320_compact2013\obj\x86\retail\AutoLaunch.rel 
BUILD: [01:0000001468:INFO  ] -MERGE:.rdata=.text -ignore:4001,4070,4078,4086,4089,4096,4099,4108,4229 /STACK:65536,4096 
BUILD: [01:0000001468:INFO  ] /subsystem:windowsce,8.00 
BUILD: [01:0000001468:INFO  ] -base:0x00010000 
BUILD: [01:0000001468:INFO  ] C:\wince800\3rdparty\autolaunch_v320_compact2013\obj\x86\retail\AutoLaunch.obj 
BUILD: [01:0000001468:INFO  ] C:\wince800\3rdparty\autolaunch_v320_compact2013\obj\x86\retail\StdAfx.obj 
BUILD: [01:0000001468:INFO  ] C:\WINCE800\OSDesigns\MyCEPC\MyCEPC\Wince800\CEPC_x86_Retail\cesysgen\sdk\lib\x86\retail\coredll.lib 
BUILD: [01:0000001468:INFO  ] C:\WINCE800\OSDesigns\MyCEPC\MyCEPC\Wince800\CEPC_x86_Retail\cesysgen\sdk\lib\x86\retail\ws2.lib 
BUILD: [01:0000001468:INFO  ] C:\WINCE800\OSDesigns\MyCEPC\MyCEPC\Wince800\CEPC_x86_Retail\cesysgen\oak\lib\x86\retail\ccrt0.lib 
BUILD: [01:0000001468:INFO  ] C:\WINCE800\OSDesigns\MyCEPC\MyCEPC\Wince800\CEPC_x86_Retail\cesysgen\oak\lib\x86\retail\msvcrt.lib 
BUILD: [01:0000001781:INFO  ] 	C:\WINDOWS\system32\cmd.exe /c md C:\WINCE800\OSDesigns\MyCEPC\MyCEPC\RelDir\CEPC_x86_Release
BUILD: [01:0000001796:INFO  ] A subdirectory or file C:\WINCE800\OSDesigns\MyCEPC\MyCEPC\RelDir\CEPC_x86_Release already exists.
BUILD: [01:0000001796:INFO  ] 	C:\WINDOWS\system32\cmd.exe /c copy C:\wince800\3rdparty\autolaunch_v320_compact2013\obj\x86\retail\AutoLaunch.exe C:\WINCE800\OSDesigns\MyCEPC\MyCEPC\RelDir\CEPC_x86_Release\AutoLaunch.exe
BUILD: [01:0000001812:INFO  ]         1 file(s) copied.
BUILD: [01:0000001812:INFO  ] 	C:\WINDOWS\system32\cmd.exe /c copy C:\wince800\3rdparty\autolaunch_v320_compact2013\obj\x86\retail\AutoLaunch.map C:\WINCE800\OSDesigns\MyCEPC\MyCEPC\RelDir\CEPC_x86_Release\AutoLaunch.map
BUILD: [01:0000001828:INFO  ]         1 file(s) copied.
BUILD: [01:0000001828:INFO  ] 	C:\WINDOWS\system32\cmd.exe /c if exist C:\wince800\3rdparty\autolaunch_v320_compact2013\obj\x86\retail\AutoLaunch.pdb copy C:\wince800\3rdparty\autolaunch_v320_compact2013\obj\x86\retail\AutoLaunch.pdb C:\WINCE800\OSDesigns\MyCEPC\MyCEPC\RelDir\CEPC_x86_Release
BUILD: [01:0000001843:INFO  ]         1 file(s) copied.
BUILD: [01:0000001859:INFO  ] 	C:\WINDOWS\system32\cmd.exe /c if exist C:\wince800\3rdparty\autolaunch_v320_compact2013\obj\x86\retail\AutoLaunch.rel copy C:\wince800\3rdparty\autolaunch_v320_compact2013\obj\x86\retail\AutoLaunch.rel C:\WINCE800\OSDesigns\MyCEPC\MyCEPC\RelDir\CEPC_x86_Release\AutoLaunch.rel
BUILD: [01:0000001875:INFO  ]         1 file(s) copied.
BUILD: [00:0000001875:PROGC ] Starting LOCALIZE Pass.
BUILD: [00:0000001875:PROGC ] Analyzing project dependency information for pass LOCALIZE.
BUILD: [00:0000001875:PROGC ] Starting MANAGEDRESX Pass.
BUILD: [00:0000001875:PROGC ] Analyzing project dependency information for pass MANAGEDRESX.
BUILD: [00:0000001875:PROGC ] Starting MANAGEDMOD Pass.
BUILD: [00:0000001875:PROGC ] Analyzing project dependency information for pass MANAGEDMOD.
BUILD: [00:0000001875:PROGC ] Starting MANAGEDDLL Pass.
BUILD: [00:0000001875:PROGC ] Analyzing project dependency information for pass MANAGEDDLL.
BUILD: [00:0000001875:PROGC ] Starting MANAGEDEXE Pass.
BUILD: [00:0000001875:PROGC ] Analyzing project dependency information for pass MANAGEDEXE.
BUILD: [00:0000001875:PROGC ] Starting MANAGEDWIN Pass.
BUILD: [00:0000001875:PROGC ] Analyzing project dependency information for pass MANAGEDWIN.
BUILD: [00:0000001875:PROGC ] Starting POSTBUILD Pass.
BUILD: [00:0000001875:PROGC ] Analyzing project dependency information for pass POSTBUILD.
BUILD: [00:0000001875:PROG  ] ' postlink.bat' (SYNCHRONIZE_BLOCK = 0)
BUILD: [00:0000001906:PROG  ] Waiting for 1 worker threads.
BUILD: [01:0000001937:INFO  ] Copying Content Files from Resource Files folder to Targeted Debug Directory
BUILD: [01:0000001937:INFO  ] 
BUILD: [01:0000001937:INFO  ] C:\wince800\3rdparty\autolaunch_v320_compact2013>set _CORECONPATH=C:\Program Files (x86)\Common Files\Microsoft Shared\Embedded Tools\CoreCon\12.0\Target\wce800\x86 
BUILD: [01:0000001937:INFO  ] 
BUILD: [01:0000001937:INFO  ] C:\wince800\3rdparty\autolaunch_v320_compact2013>set _UDPCLIENTPATH=C:\WINCE800\3rdParty\AutoLaunch_v320_Compact2013 
BUILD: [01:0000001937:INFO  ] 
BUILD: [01:0000001937:INFO  ] C:\wince800\3rdparty\autolaunch_v320_compact2013>copy ".\Resources\*.*" "C:\WINCE800\OSDesigns\MyCEPC\MyCEPC\Wince800\CEPC_x86_Retail\cesysgen\oak\target\x86\retail"  /Y 
BUILD: [01:0000001937:INFO  ] The system cannot find the path specified.
BUILD: [01:0000001937:INFO  ] Copying Content Files from CoreCon Folder to Targeted Debug Directory
BUILD: [01:0000001937:INFO  ] 
BUILD: [01:0000001937:INFO  ] C:\wince800\3rdparty\autolaunch_v320_compact2013>xcopy     "C:\Program Files (x86)\Common Files\Microsoft Shared\Embedded Tools\CoreCon\12.0\Target\wce800\x86\*.*"       "C:\WINCE800\OSDesigns\MyCEPC\MyCEPC\Wince800\CEPC_x86_Retail\cesysgen\oak\target\x86\retail"  /Y 
BUILD: [01:0000001984:INFO  ] C:\Program Files (x86)\Common Files\Microsoft Shared\Embedded Tools\CoreCon\12.0\Target\wce800\x86\clientshutdown3.exe
BUILD: [01:0000002015:INFO  ] C:\Program Files (x86)\Common Files\Microsoft Shared\Embedded Tools\CoreCon\12.0\Target\wce800\x86\CMAccept3.exe
BUILD: [01:0000002031:INFO  ] C:\Program Files (x86)\Common Files\Microsoft Shared\Embedded Tools\CoreCon\12.0\Target\wce800\x86\ConmanClient3.exe
BUILD: [01:0000002031:INFO  ] C:\Program Files (x86)\Common Files\Microsoft Shared\Embedded Tools\CoreCon\12.0\Target\wce800\x86\DeviceAgentTransport3.dll
BUILD: [01:0000002046:INFO  ] C:\Program Files (x86)\Common Files\Microsoft Shared\Embedded Tools\CoreCon\12.0\Target\wce800\x86\eDbgTL3.dll
BUILD: [01:0000002062:INFO  ] C:\Program Files (x86)\Common Files\Microsoft Shared\Embedded Tools\CoreCon\12.0\Target\wce800\x86\TcpConnectionA3.dll
BUILD: [01:0000002078:INFO  ] 6 File(s) copied
BUILD: [01:0000002078:INFO  ] 
BUILD: [01:0000002078:INFO  ] C:\wince800\3rdparty\autolaunch_v320_compact2013>xcopy     "C:\WINCE800\3rdParty\AutoLaunch_v320_Compact2013\IPBroadcastCompact2013.exe"       "C:\WINCE800\OSDesigns\MyCEPC\MyCEPC\Wince800\CEPC_x86_Retail\cesysgen\oak\target\x86\retail"  /Y 
BUILD: [01:0000002093:INFO  ] C:\WINCE800\3rdParty\AutoLaunch_v320_Compact2013\IPBroadcastCompact2013.exe
BUILD: [01:0000002109:INFO  ] 1 File(s) copied
BUILD: [01:0000002125:INFO  ] .
BUILD: [01:0000002125:INFO  ] Copying Content Files to FlatRelease Directory
BUILD: [01:0000002125:INFO  ] Copying Content Files from Resource Files folder to FlatRelease Directory
BUILD: [01:0000002125:INFO  ] 
BUILD: [01:0000002125:INFO  ] C:\wince800\3rdparty\autolaunch_v320_compact2013>copy ".\Resources\*.*" C:\WINCE800\OSDesigns\MyCEPC\MyCEPC\RelDir\CEPC_x86_Release  /Y 
BUILD: [01:0000002125:INFO  ] The system cannot find the path specified.
BUILD: [01:0000002125:INFO  ] Copying Content Files from CoreCon folder to FlatRelease Directory
BUILD: [01:0000002125:INFO  ] 
BUILD: [01:0000002125:INFO  ] C:\wince800\3rdparty\autolaunch_v320_compact2013>xcopy     "C:\Program Files (x86)\Common Files\Microsoft Shared\Embedded Tools\CoreCon\12.0\Target\wce800\x86\*.*"      C:\WINCE800\OSDesigns\MyCEPC\MyCEPC\RelDir\CEPC_x86_Release  /Y 
BUILD: [01:0000002125:INFO  ] C:\Program Files (x86)\Common Files\Microsoft Shared\Embedded Tools\CoreCon\12.0\Target\wce800\x86\clientshutdown3.exe
BUILD: [01:0000002140:INFO  ] C:\Program Files (x86)\Common Files\Microsoft Shared\Embedded Tools\CoreCon\12.0\Target\wce800\x86\CMAccept3.exe
BUILD: [01:0000002140:INFO  ] C:\Program Files (x86)\Common Files\Microsoft Shared\Embedded Tools\CoreCon\12.0\Target\wce800\x86\ConmanClient3.exe
BUILD: [01:0000002140:INFO  ] C:\Program Files (x86)\Common Files\Microsoft Shared\Embedded Tools\CoreCon\12.0\Target\wce800\x86\DeviceAgentTransport3.dll
BUILD: [01:0000002140:INFO  ] C:\Program Files (x86)\Common Files\Microsoft Shared\Embedded Tools\CoreCon\12.0\Target\wce800\x86\eDbgTL3.dll
BUILD: [01:0000002140:INFO  ] C:\Program Files (x86)\Common Files\Microsoft Shared\Embedded Tools\CoreCon\12.0\Target\wce800\x86\TcpConnectionA3.dll
BUILD: [01:0000002140:INFO  ] 6 File(s) copied
BUILD: [01:0000002140:INFO  ] Copying IPBroadcastCompact2013 to FlatRelease Directory
BUILD: [01:0000002140:INFO  ] 
BUILD: [01:0000002140:INFO  ] C:\wince800\3rdparty\autolaunch_v320_compact2013>xcopy  "C:\WINCE800\3rdParty\AutoLaunch_v320_Compact2013\IPBroadcastCompact2013.exe"  C:\WINCE800\OSDesigns\MyCEPC\MyCEPC\RelDir\CEPC_x86_Release  /Y 
BUILD: [01:0000002156:INFO  ] C:\WINCE800\3rdParty\AutoLaunch_v320_Compact2013\IPBroadcastCompact2013.exe
BUILD: [01:0000002156:INFO  ] 1 File(s) copied
BUILD: [01:0000002156:INFO  ] .
BUILD: [01:0000002156:INFO  ] Done copying. Now checking.
BUILD: [01:0000002156:INFO  ] 
BUILD: [01:0000002156:INFO  ] C:\wince800\3rdparty\autolaunch_v320_compact2013>If NOT EXIST C:\WINCE800\OSDesigns\MyCEPC\MyCEPC\Wince800\CEPC_x86_Retail\cesysgen\oak\target\x86\retail\IPBroadcastCompact2013.exe (
BUILD: [01:0000002156:INFO  ] rem		@echo Error IPBroadcastCompact2013.exe is missing from the Targeted Debug Directory.  
BUILD: [01:0000002156:INFO  ]   
BUILD: [01:0000002156:INFO  ]  GOTO ABORT 
BUILD: [01:0000002156:INFO  ] ) 
BUILD: [01:0000002156:INFO  ] 
BUILD: [01:0000002156:INFO  ] C:\wince800\3rdparty\autolaunch_v320_compact2013>If NOT EXIST C:\WINCE800\OSDesigns\MyCEPC\MyCEPC\Wince800\CEPC_x86_Retail\cesysgen\oak\target\x86\retail\clientshutdown3.exe (
BUILD: [01:0000002156:INFO  ] rem		@echo Error clientshutdown.exe is missing from the Targeted Debug Directory.  
BUILD: [01:0000002156:INFO  ]   
BUILD: [01:0000002156:INFO  ]  GOTO ABORT 
BUILD: [01:0000002156:INFO  ] ) 
BUILD: [01:0000002156:INFO  ] 
BUILD: [01:0000002156:INFO  ] C:\wince800\3rdparty\autolaunch_v320_compact2013>If NOT EXIST C:\WINCE800\OSDesigns\MyCEPC\MyCEPC\Wince800\CEPC_x86_Retail\cesysgen\oak\target\x86\retail\CMAccept3.exe (
BUILD: [01:0000002156:INFO  ] REM 	@echo Error CMAccept.exe is missing from the Targeted Debug Directory.  
BUILD: [01:0000002156:INFO  ]   
BUILD: [01:0000002156:INFO  ]  GOTO ABORT 
BUILD: [01:0000002156:INFO  ] ) 
BUILD: [01:0000002156:INFO  ] 
BUILD: [01:0000002156:INFO  ] C:\wince800\3rdparty\autolaunch_v320_compact2013>If NOT EXIST C:\WINCE800\OSDesigns\MyCEPC\MyCEPC\Wince800\CEPC_x86_Retail\cesysgen\oak\target\x86\retail\ConmanClient3.exe (
BUILD: [01:0000002156:INFO  ] REM 	@echo Error ConmanClient2.exe is missing from the Targeted Debug Directory.  
BUILD: [01:0000002156:INFO  ]   
BUILD: [01:0000002156:INFO  ]  GOTO ABORT 
BUILD: [01:0000002156:INFO  ] ) 
BUILD: [01:0000002156:INFO  ] 
BUILD: [01:0000002156:INFO  ] C:\wince800\3rdparty\autolaunch_v320_compact2013>If NOT EXIST C:\WINCE800\OSDesigns\MyCEPC\MyCEPC\Wince800\CEPC_x86_Retail\cesysgen\oak\target\x86\retail\DeviceAgentTransport3.dll (
BUILD: [01:0000002156:INFO  ] REM	@echo Error DeviceAgentTransport2.dll is missing from the Targeted Debug Directory.  
BUILD: [01:0000002156:INFO  ]   
BUILD: [01:0000002156:INFO  ]  GOTO ABORT 
BUILD: [01:0000002156:INFO  ] ) 
BUILD: [01:0000002156:INFO  ] 
BUILD: [01:0000002156:INFO  ] C:\wince800\3rdparty\autolaunch_v320_compact2013>If NOT EXIST C:\WINCE800\OSDesigns\MyCEPC\MyCEPC\Wince800\CEPC_x86_Retail\cesysgen\oak\target\x86\retail\eDbgTL3.dll (
BUILD: [01:0000002156:INFO  ] REM		@echo Error eDbgTL.dll is missing from the Targeted Debug Directory.  
BUILD: [01:0000002156:INFO  ]   
BUILD: [01:0000002156:INFO  ]  GOTO ABORT 
BUILD: [01:0000002156:INFO  ] ) 
BUILD: [01:0000002171:INFO  ] 
BUILD: [01:0000002171:INFO  ] C:\wince800\3rdparty\autolaunch_v320_compact2013>If NOT EXIST C:\WINCE800\OSDesigns\MyCEPC\MyCEPC\Wince800\CEPC_x86_Retail\cesysgen\oak\target\x86\retail\TcpConnectionA3.dll (
BUILD: [01:0000002171:INFO  ] REM		@echo Error TcpConnectionA.dll is missing from the Targeted Debug Directory.  
BUILD: [01:0000002171:INFO  ]   
BUILD: [01:0000002171:INFO  ]  GOTO ABORT 
BUILD: [01:0000002171:INFO  ] ) 
BUILD: [01:0000002171:INFO  ] 
BUILD: [01:0000002171:INFO  ] C:\wince800\3rdparty\autolaunch_v320_compact2013>If NOT EXIST C:\WINCE800\OSDesigns\MyCEPC\MyCEPC\RelDir\CEPC_x86_Release\clientshutdown3.exe (
BUILD: [01:0000002171:INFO  ] REN	@echo Error clientshutdown.exe is missing from the FLATRELEASE Directory.  
BUILD: [01:0000002171:INFO  ]   
BUILD: [01:0000002171:INFO  ]  GOTO ABORT 
BUILD: [01:0000002171:INFO  ] ) 
BUILD: [01:0000002171:INFO  ] 
BUILD: [01:0000002171:INFO  ] C:\wince800\3rdparty\autolaunch_v320_compact2013>If NOT EXIST C:\WINCE800\OSDesigns\MyCEPC\MyCEPC\RelDir\CEPC_x86_Release\CMAccept3.exe (
BUILD: [01:0000002171:INFO  ] REM	@echo Error CMAccept.exe is missing from the from the FLATRELEASE Directory.  
BUILD: [01:0000002171:INFO  ]   
BUILD: [01:0000002171:INFO  ]  GOTO ABORT 
BUILD: [01:0000002171:INFO  ] ) 
BUILD: [01:0000002171:INFO  ] 
BUILD: [01:0000002171:INFO  ] C:\wince800\3rdparty\autolaunch_v320_compact2013>If NOT EXIST C:\WINCE800\OSDesigns\MyCEPC\MyCEPC\RelDir\CEPC_x86_Release\ConmanClient3.exe (
BUILD: [01:0000002171:INFO  ] REM	@echo Error ConmanClient2.exe is missing from the from the FLATRELEASE Directory.  
BUILD: [01:0000002171:INFO  ]   
BUILD: [01:0000002171:INFO  ]  GOTO ABORT 
BUILD: [01:0000002171:INFO  ] ) 
BUILD: [01:0000002171:INFO  ] 
BUILD: [01:0000002171:INFO  ] C:\wince800\3rdparty\autolaunch_v320_compact2013>If NOT EXIST C:\WINCE800\OSDesigns\MyCEPC\MyCEPC\RelDir\CEPC_x86_Release\DeviceAgentTransport3.dll (
BUILD: [01:0000002171:INFO  ] REM		@echo Error DeviceAgentTransport2.dll is missing from the FLATRELEASE Directory.  
BUILD: [01:0000002171:INFO  ]   
BUILD: [01:0000002171:INFO  ]  GOTO ABORT 
BUILD: [01:0000002171:INFO  ] ) 
BUILD: [01:0000002171:INFO  ] 
BUILD: [01:0000002171:INFO  ] C:\wince800\3rdparty\autolaunch_v320_compact2013>If NOT EXIST C:\WINCE800\OSDesigns\MyCEPC\MyCEPC\RelDir\CEPC_x86_Release\eDbgTL3.dll (
BUILD: [01:0000002171:INFO  ] REM		@echo Error eDbgTL.dll is missing from the FLATRELEASE Directory.  
BUILD: [01:0000002171:INFO  ]   
BUILD: [01:0000002171:INFO  ]  GOTO ABORT 
BUILD: [01:0000002171:INFO  ] ) 
BUILD: [01:0000002171:INFO  ] 
BUILD: [01:0000002171:INFO  ] C:\wince800\3rdparty\autolaunch_v320_compact2013>If NOT EXIST C:\WINCE800\OSDesigns\MyCEPC\MyCEPC\RelDir\CEPC_x86_Release\TcpConnectionA3.dll (
BUILD: [01:0000002171:INFO  ] REM		@echo Error TcpConnectionA.dll is missing from the FLATRELEASE Directory.  
BUILD: [01:0000002171:INFO  ]   
BUILD: [01:0000002171:INFO  ]  GOTO ABORT 
BUILD: [01:0000002171:INFO  ] ) 
BUILD: [01:0000002171:INFO  ] All CoreCon Folder files copied.
BUILD: [01:0000002171:INFO  ] .
BUILD: [01:0000002171:INFO  ] 
BUILD: [01:0000002171:INFO  ] C:\wince800\3rdparty\autolaunch_v320_compact2013>GOTO NEXT1 
BUILD: [01:0000002171:INFO  ] .
BUILD: [01:0000002171:INFO  ] Building .cab file
BUILD: [01:0000002171:INFO  ] .
BUILD: [01:0000002171:INFO  ] 
BUILD: [01:0000002171:INFO  ] C:\wince800\3rdparty\autolaunch_v320_compact2013>PUSHD
BUILD: [01:0000002171:INFO  ] 
BUILD: [01:0000002171:INFO  ] C:\wince800\3rdparty\autolaunch_v320_compact2013>cd C:\WINCE800\OSDesigns\MyCEPC\MyCEPC\RelDir\CEPC_x86_Release 
BUILD: [01:0000002171:INFO  ] 
BUILD: [01:0000002171:INFO  ] C:\WINCE800\OSDesigns\MyCEPC\MyCEPC\RelDir\CEPC_x86_Release>IF EXIST CoreCon3.inf (
BUILD: [01:0000002171:INFO  ] cabwiz CoreCon3.inf  
BUILD: [01:0000002171:INFO  ]  IF EXIST CoreCon3.cab ()  else ()  
BUILD: [01:0000002171:INFO  ]  del CoreCon3.inf 
BUILD: [01:0000002171:INFO  ] )  else () 
BUILD: [01:0000002171:INFO  ] No file CoreCon3.inf for .cab file generation
BUILD: [01:0000002171:INFO  ] 
BUILD: [01:0000002171:INFO  ] C:\WINCE800\OSDesigns\MyCEPC\MyCEPC\RelDir\CEPC_x86_Release>POPD
BUILD: [01:0000002171:INFO  ] .
BUILD: [01:0000002171:INFO  ] Done Copying
BUILD: [01:0000002171:INFO  ] .
BUILD: [00:0000002171:PROGC ] Saving C:\wince800\3rdparty\autolaunch_v320_compact2013\Buildx86retail.dat.
BUILD: [00:0000002171:INFO  ] Done.
BUILD: [00:0000002171:PROGC ] Done.
BUILD: [00:0000002171:PROGC ]                        Files  Warnings  Errors
BUILD: [00:0000002171:PROGC ] Midl                       0         0       0
BUILD: [00:0000002171:PROGC ] Message                    0         0       0
BUILD: [00:0000002171:PROGC ] Precomp Header             1         0       0
BUILD: [00:0000002171:PROGC ] Resource                   0         0       0
BUILD: [00:0000002171:PROGC ] XRPack                     0         0       0
BUILD: [00:0000002187:PROGC ] MASM                       0         0       0
BUILD: [00:0000002187:PROGC ] SHASM                      0         0       0
BUILD: [00:0000002187:PROGC ] ARMASM                     0         0       0
BUILD: [00:0000002187:PROGC ] C++                        1         2       0
BUILD: [00:0000002187:PROGC ] C                          0         0       0
BUILD: [00:0000002187:PROGC ] CheckLibs                  0         0       0
BUILD: [00:0000002187:PROGC ] Static Libraries           0         0       0
BUILD: [00:0000002187:PROGC ] Exe's                      1         0       0
BUILD: [00:0000002187:PROGC ] Dll's                      0         0       0
BUILD: [00:0000002187:PROGC ] Preprocess deffile         0         0       0
BUILD: [00:0000002187:PROGC ] Resx                       0         0       0
BUILD: [00:0000002187:PROGC ] CSharp Compile             0         0       0
BUILD: [00:0000002187:PROGC ] VCProj Compile             0         0       0
BUILD: [00:0000002187:PROGC ] NETCF Build                0         0       0
BUILD: [00:0000002187:PROGC ] Localization               0         0       0
BUILD: [00:0000002187:PROGC ] Other                      0         0       0
BUILD: [00:0000002187:PROGC ] 
BUILD: [00:0000002187:PROGC ] Total                      3         2       0
BUILD: [00:0000002187:PROGC ] 
BUILD: [00:0000002187:PROGC ] 2 Warnings,  0 Errors
BUILD: [00:0000002187:PROGC ] GetSystemTimes (seconds): Idle: 5     Kernel: 6     User: 2    
BUILD: [00:0000002187:PROGC ] Elapsed  time  (seconds): 2    
